-------------------------------------------------------------------------------
Test set: TestFileTree
-------------------------------------------------------------------------------
Tests run: 1, Failures: 1, Errors: 0, Skipped: 0, Time elapsed: 0.015 s <<< FAILURE! - in TestFileTree
TestFileTree.testMmetod4  Time elapsed: 0 s  <<< FAILURE!
java.lang.AssertionError
	at TestFileTree.testMmetod4(TestFileTree.java:7)

